2026-05-19 15:37:03,554 - twister - INFO - Using Ninja..
2026-05-19 15:37:03,599 - twister - INFO - Zephyr version: v4.2.0
2026-05-19 15:37:03,601 - twister - DEBUG - Running cmake script /home/aleromio/curso_zephyr/romioworkspace/deps/zephyr/cmake/verify-toolchain.cmake
2026-05-19 15:37:03,602 - twister - DEBUG - Calling cmake: /usr/bin/cmake -DFORMAT=json -P /home/aleromio/curso_zephyr/romioworkspace/deps/zephyr/cmake/verify-toolchain.cmake
2026-05-19 15:37:03,746 - twister - DEBUG - Finished running /home/aleromio/curso_zephyr/romioworkspace/deps/zephyr/cmake/verify-toolchain.cmake
2026-05-19 15:37:03,746 - twister - INFO - Using 'zephyr' toolchain.
2026-05-19 15:37:04,795 - twister - DEBUG - Reading testsuite configuration files under /home/aleromio/curso_zephyr/romioworkspace/zephyr-course/tests/ring_buf...
2026-05-19 15:37:04,796 - twister - DEBUG - Found possible testsuite in /home/aleromio/curso_zephyr/romioworkspace/zephyr-course/tests/ring_buf
2026-05-19 15:37:04,798 - twister - DEBUG - No duplicates found.
2026-05-19 15:37:04,799 - twister - DEBUG - platform filter: ['native_sim']
2026-05-19 15:37:04,799 - twister - DEBUG -   vendor filter: []
2026-05-19 15:37:04,799 - twister - DEBUG -     arch_filter: None
2026-05-19 15:37:04,799 - twister - DEBUG -      tag_filter: None
2026-05-19 15:37:04,799 - twister - DEBUG -     exclude_tag: None
2026-05-19 15:37:04,799 - twister - DEBUG - Checking platform filter: ['native_sim']
2026-05-19 15:37:04,799 - twister - INFO - Building initial testsuite list...
2026-05-19 15:37:04,799 - twister - INFO - Writing JSON report /home/aleromio/curso_zephyr/romioworkspace/zephyr-course/twister-out/testplan.json
2026-05-19 15:37:04,811 - twister - INFO - JOBS: 32
2026-05-19 15:37:04,811 - twister - INFO - Adding tasks to the queue...
2026-05-19 15:37:04,811 - twister - DEBUG - adding native_sim/native/host/homework.unit.ring_buf
2026-05-19 15:37:04,812 - twister - INFO - Added initial list of jobs to queue
2026-05-19 15:37:04,818 - twister - DEBUG - Running cmake on /home/aleromio/curso_zephyr/romioworkspace/zephyr-course/tests/ring_buf for native_sim/native
2026-05-19 15:37:04,818 - twister - DEBUG - Calling cmake: /usr/bin/cmake -B/home/aleromio/curso_zephyr/romioworkspace/zephyr-course/twister-out/native_sim_native/host/homework.unit.ring_buf -DTC_RUNID=da44e71277f58c5f19ed1b4c2cc0c592 -DTC_NAME=homework.unit.ring_buf -DCONFIG_COMPILER_WARNINGS_AS_ERRORS=y -DEXTRA_GEN_EDT_ARGS=--edtlib-Werror -GNinja -DPython3_EXECUTABLE=/home/aleromio/curso_zephyr/romioworkspace/.venv/bin/python3 -DZEPHYR_TOOLCHAIN_VARIANT=host -S/home/aleromio/curso_zephyr/romioworkspace/zephyr-course/tests/ring_buf -DBOARD=native_sim/native
2026-05-19 15:37:04,856 - twister - DEBUG - Launched 32 jobs
2026-05-19 15:37:08,447 - twister - DEBUG - Finished running cmake /home/aleromio/curso_zephyr/romioworkspace/zephyr-course/tests/ring_buf for native_sim/native in 3.63 seconds
2026-05-19 15:37:08,449 - twister - DEBUG - build test: native_sim/native/host/homework.unit.ring_buf
2026-05-19 15:37:08,449 - twister - DEBUG - Building /home/aleromio/curso_zephyr/romioworkspace/zephyr-course/tests/ring_buf for native_sim/native
2026-05-19 15:37:08,449 - twister - DEBUG - Running /usr/bin/cmake --build /home/aleromio/curso_zephyr/romioworkspace/zephyr-course/twister-out/native_sim_native/host/homework.unit.ring_buf
2026-05-19 15:37:11,479 - twister - DEBUG - Finished building /home/aleromio/curso_zephyr/romioworkspace/zephyr-course/tests/ring_buf for native_sim/native in 3.03 seconds
2026-05-19 15:37:11,479 - twister - DEBUG - Determine test cases for test instance: native_sim/native/host/homework.unit.ring_buf
2026-05-19 15:37:11,479 - twister - DEBUG - Determine test cases for test suite: homework.unit.ring_buf
2026-05-19 15:37:11,514 - twister - DEBUG - Test instance native_sim/native/host/homework.unit.ring_buf already has 8 testcase(s) known: [<TestCase homework.unit.ring_buf.ring_buf_boundaries.pop_null_returns_einval with not run>, <TestCase homework.unit.ring_buf.ring_buf_init.reinit_clears_state with not run>, <TestCase homework.unit.ring_buf.ring_buf_init.fresh_state with not run>, <TestCase homework.unit.ring_buf.ring_buf_push_pop.single_push_pop with not run>, <TestCase homework.unit.ring_buf.ring_buf_boundaries.peek_does_not_consume with not run>, <TestCase homework.unit.ring_buf.ring_buf_push_pop.push_full_returns_enospc with not run>, <TestCase homework.unit.ring_buf.ring_buf_boundaries.is_full_after_fill with not run>, <TestCase homework.unit.ring_buf.ring_buf_push_pop.fifo_order with not run>]
2026-05-19 15:37:11,514 - twister - DEBUG - Detected 8 Ztest case(s): [homework.unit.ring_buf.ring_buf_boundaries.is_full_after_fill, homework.unit.ring_buf.ring_buf_boundaries.pop_null_returns_einval, homework.unit.ring_buf.ring_buf_boundaries.peek_does_not_consume, homework.unit.ring_buf.ring_buf_push_pop.push_full_returns_enospc, homework.unit.ring_buf.ring_buf_push_pop.fifo_order, homework.unit.ring_buf.ring_buf_push_pop.single_push_pop, homework.unit.ring_buf.ring_buf_init.reinit_clears_state, homework.unit.ring_buf.ring_buf_init.fresh_state] in /home/aleromio/curso_zephyr/romioworkspace/zephyr-course/twister-out/native_sim_native/host/homework.unit.ring_buf/zephyr/zephyr.elf
2026-05-19 15:37:11,515 - twister - DEBUG - Instance native_sim/native/host/homework.unit.ring_buf can't run (run:False, handler.ready:True)
2026-05-19 15:37:11,523 - twister - INFO - 1 test scenarios (1 configurations) selected, 0 configurations filtered (0 by static filter, 0 at runtime).
2026-05-19 15:37:11,523 - twister - INFO - [32m0 of 1[39m executed test configurations passed (0.00%), [36m1[39m built (not run), 0 failed, 0 errored, with no warnings in 7.97 seconds.
2026-05-19 15:37:11,523 - twister - INFO - [32m0[39m test configurations executed on platforms, [36m1[39m test configurations were only built.
2026-05-19 15:37:11,523 - twister - INFO - Saving reports...
2026-05-19 15:37:11,523 - twister - INFO - Writing JSON report /home/aleromio/curso_zephyr/romioworkspace/zephyr-course/twister-out/twister.json
2026-05-19 15:37:11,523 - twister - INFO - Writing xunit report /home/aleromio/curso_zephyr/romioworkspace/zephyr-course/twister-out/twister.xml...
2026-05-19 15:37:11,524 - twister - INFO - Writing xunit report /home/aleromio/curso_zephyr/romioworkspace/zephyr-course/twister-out/twister_report.xml...
2026-05-19 15:37:11,525 - twister - INFO - Run completed
