2026-05-21 11:20:58,121 - twister - INFO - Using Ninja..
2026-05-21 11:20:58,275 - twister - INFO - Zephyr version: v4.2.0
2026-05-21 11:20:58,278 - twister - DEBUG - Running cmake script /home/aleromio/curso_zephyr/romioworkspace/deps/zephyr/cmake/verify-toolchain.cmake
2026-05-21 11:20:58,278 - twister - DEBUG - Calling cmake: /usr/bin/cmake -DFORMAT=json -P /home/aleromio/curso_zephyr/romioworkspace/deps/zephyr/cmake/verify-toolchain.cmake
2026-05-21 11:20:58,462 - twister - DEBUG - Finished running /home/aleromio/curso_zephyr/romioworkspace/deps/zephyr/cmake/verify-toolchain.cmake
2026-05-21 11:20:58,463 - twister - INFO - Using 'zephyr' toolchain.
2026-05-21 11:20:59,903 - twister - DEBUG - Reading testsuite configuration files under /home/aleromio/curso_zephyr/romioworkspace/zephyr-course/tests/ring_buf...
2026-05-21 11:20:59,903 - twister - DEBUG - Found possible testsuite in /home/aleromio/curso_zephyr/romioworkspace/zephyr-course/tests/ring_buf
2026-05-21 11:20:59,906 - twister - DEBUG - No duplicates found.
2026-05-21 11:20:59,906 - twister - DEBUG - platform filter: ['native_sim']
2026-05-21 11:20:59,906 - twister - DEBUG -   vendor filter: []
2026-05-21 11:20:59,906 - twister - DEBUG -     arch_filter: None
2026-05-21 11:20:59,906 - twister - DEBUG -      tag_filter: None
2026-05-21 11:20:59,906 - twister - DEBUG -     exclude_tag: None
2026-05-21 11:20:59,906 - twister - DEBUG - Checking platform filter: ['native_sim']
2026-05-21 11:20:59,906 - twister - INFO - Building initial testsuite list...
2026-05-21 11:20:59,907 - twister - INFO - Writing JSON report /home/aleromio/curso_zephyr/romioworkspace/zephyr-course/twister-out/testplan.json
2026-05-21 11:20:59,920 - twister - INFO - JOBS: 16
2026-05-21 11:20:59,920 - twister - INFO - Adding tasks to the queue...
2026-05-21 11:20:59,920 - twister - DEBUG - adding native_sim/native/host/homework.unit.ring_buf
2026-05-21 11:20:59,921 - twister - INFO - Added initial list of jobs to queue
2026-05-21 11:20:59,927 - twister - DEBUG - Running cmake on /home/aleromio/curso_zephyr/romioworkspace/zephyr-course/tests/ring_buf for native_sim/native
2026-05-21 11:20:59,928 - twister - DEBUG - Calling cmake: /usr/bin/cmake -B/home/aleromio/curso_zephyr/romioworkspace/zephyr-course/twister-out/native_sim_native/host/homework.unit.ring_buf -DTC_RUNID=8556d3467e96c1e5565427d7a2f91e6b -DTC_NAME=homework.unit.ring_buf -DCONFIG_COMPILER_WARNINGS_AS_ERRORS=y -DEXTRA_GEN_EDT_ARGS=--edtlib-Werror -GNinja -DPython3_EXECUTABLE=/home/aleromio/curso_zephyr/romioworkspace/.venv/bin/python3 -DZEPHYR_TOOLCHAIN_VARIANT=host -S/home/aleromio/curso_zephyr/romioworkspace/zephyr-course/tests/ring_buf -DBOARD=native_sim/native
2026-05-21 11:20:59,947 - twister - DEBUG - Launched 16 jobs
2026-05-21 11:21:03,905 - twister - DEBUG - Finished running cmake /home/aleromio/curso_zephyr/romioworkspace/zephyr-course/tests/ring_buf for native_sim/native in 3.98 seconds
2026-05-21 11:21:03,906 - twister - DEBUG - build test: native_sim/native/host/homework.unit.ring_buf
2026-05-21 11:21:03,907 - twister - DEBUG - Building /home/aleromio/curso_zephyr/romioworkspace/zephyr-course/tests/ring_buf for native_sim/native
2026-05-21 11:21:03,907 - twister - DEBUG - Running /usr/bin/cmake --build /home/aleromio/curso_zephyr/romioworkspace/zephyr-course/twister-out/native_sim_native/host/homework.unit.ring_buf
2026-05-21 11:21:05,613 - twister - ERROR - native_sim/native         homework.unit.ring_buf                             [31mERROR[39m: Build failure
2026-05-21 11:21:05,613 - twister - ERROR - see: [33m/home/aleromio/curso_zephyr/romioworkspace/zephyr-course/twister-out/native_sim_native/host/homework.unit.ring_buf/build.log[39m
2026-05-21 11:21:05,618 - twister - INFO - 1 test scenarios (1 configurations) selected, 0 configurations filtered (0 by static filter, 0 at runtime).
2026-05-21 11:21:05,618 - twister - INFO - [32m0 of 1[39m executed test configurations passed (0.00%), 0 built (not run), 0 failed, [31m1[39m errored, with no warnings in 7.50 seconds.
2026-05-21 11:21:05,618 - twister - INFO - 0 of 8 executed test cases passed (0.00%), 8 blocked on 1 out of total 1115 platforms (0.09%).
2026-05-21 11:21:05,618 - twister - INFO - [32m0[39m test configurations executed on platforms, [36m1[39m test configurations were only built.
2026-05-21 11:21:05,618 - twister - INFO - Saving reports...
2026-05-21 11:21:05,618 - twister - INFO - Writing JSON report /home/aleromio/curso_zephyr/romioworkspace/zephyr-course/twister-out/twister.json
2026-05-21 11:21:05,621 - twister - INFO - Writing xunit report /home/aleromio/curso_zephyr/romioworkspace/zephyr-course/twister-out/twister.xml...
2026-05-21 11:21:05,622 - twister - INFO - Writing xunit report /home/aleromio/curso_zephyr/romioworkspace/zephyr-course/twister-out/twister_report.xml...
2026-05-21 11:21:05,623 - twister - INFO - -+-+-+-+-+-+-+-+-+-+-+-+-+-+-+-+-+-+-+-+-+-+-+-+-+-+-+-+-+-+-+-+-+-+-+-+-+-+-+-+
2026-05-21 11:21:05,623 - twister - INFO - The following issues were found (showing the top 10 items):
2026-05-21 11:21:05,623 - twister - INFO - 1) homework.unit.ring_buf on native_sim/native error (Build failure - error: v undeclared (first use in this function))
2026-05-21 11:21:05,623 - twister - INFO - 
2026-05-21 11:21:05,623 - twister - INFO - To rerun the tests, call twister using the following commandline:
2026-05-21 11:21:05,623 - twister - INFO - west twister -p <PLATFORM> -s <TEST ID>, for example:
2026-05-21 11:21:05,623 - twister - INFO - 
2026-05-21 11:21:05,623 - twister - INFO - west twister -p native_sim/native -s homework.unit.ring_buf
2026-05-21 11:21:05,623 - twister - INFO - or with west:
2026-05-21 11:21:05,623 - twister - INFO - west build -p -b native_sim/native tests/ring_buf -T homework.unit.ring_buf
2026-05-21 11:21:05,623 - twister - INFO - -+-+-+-+-+-+-+-+-+-+-+-+-+-+-+-+-+-+-+-+-+-+-+-+-+-+-+-+-+-+-+-+-+-+-+-+-+-+-+-+
2026-05-21 11:21:05,623 - twister - INFO - Run completed
