2026-05-21 11:23:47,177 - twister - INFO - Using Ninja..
2026-05-21 11:23:47,222 - twister - INFO - Zephyr version: v4.2.0
2026-05-21 11:23:47,224 - twister - DEBUG - Running cmake script /home/aleromio/curso_zephyr/romioworkspace/deps/zephyr/cmake/verify-toolchain.cmake
2026-05-21 11:23:47,224 - twister - DEBUG - Calling cmake: /usr/bin/cmake -DFORMAT=json -P /home/aleromio/curso_zephyr/romioworkspace/deps/zephyr/cmake/verify-toolchain.cmake
2026-05-21 11:23:47,365 - twister - DEBUG - Finished running /home/aleromio/curso_zephyr/romioworkspace/deps/zephyr/cmake/verify-toolchain.cmake
2026-05-21 11:23:47,365 - twister - INFO - Using 'zephyr' toolchain.
2026-05-21 11:23:48,436 - twister - DEBUG - Reading testsuite configuration files under /home/aleromio/curso_zephyr/romioworkspace/zephyr-course/tests/ring_buf...
2026-05-21 11:23:48,436 - twister - DEBUG - Found possible testsuite in /home/aleromio/curso_zephyr/romioworkspace/zephyr-course/tests/ring_buf
2026-05-21 11:23:48,439 - twister - DEBUG - No duplicates found.
2026-05-21 11:23:48,440 - twister - DEBUG - platform filter: ['native_sim']
2026-05-21 11:23:48,440 - twister - DEBUG -   vendor filter: []
2026-05-21 11:23:48,440 - twister - DEBUG -     arch_filter: None
2026-05-21 11:23:48,440 - twister - DEBUG -      tag_filter: None
2026-05-21 11:23:48,440 - twister - DEBUG -     exclude_tag: None
2026-05-21 11:23:48,440 - twister - DEBUG - Checking platform filter: ['native_sim']
2026-05-21 11:23:48,440 - twister - INFO - Building initial testsuite list...
2026-05-21 11:23:48,440 - twister - INFO - Writing JSON report /home/aleromio/curso_zephyr/romioworkspace/zephyr-course/twister-out/testplan.json
2026-05-21 11:23:48,453 - twister - INFO - JOBS: 16
2026-05-21 11:23:48,453 - twister - INFO - Adding tasks to the queue...
2026-05-21 11:23:48,453 - twister - DEBUG - adding native_sim/native/host/homework.unit.ring_buf
2026-05-21 11:23:48,454 - twister - INFO - Added initial list of jobs to queue
2026-05-21 11:23:48,460 - twister - DEBUG - Running cmake on /home/aleromio/curso_zephyr/romioworkspace/zephyr-course/tests/ring_buf for native_sim/native
2026-05-21 11:23:48,460 - twister - DEBUG - Calling cmake: /usr/bin/cmake -B/home/aleromio/curso_zephyr/romioworkspace/zephyr-course/twister-out/native_sim_native/host/homework.unit.ring_buf -DTC_RUNID=0cc5aafa8026f3923706812ca573ed7b -DTC_NAME=homework.unit.ring_buf -DCONFIG_COMPILER_WARNINGS_AS_ERRORS=y -DEXTRA_GEN_EDT_ARGS=--edtlib-Werror -GNinja -DPython3_EXECUTABLE=/home/aleromio/curso_zephyr/romioworkspace/.venv/bin/python3 -DZEPHYR_TOOLCHAIN_VARIANT=host -S/home/aleromio/curso_zephyr/romioworkspace/zephyr-course/tests/ring_buf -DBOARD=native_sim/native
2026-05-21 11:23:48,478 - twister - DEBUG - Launched 16 jobs
2026-05-21 11:23:52,338 - twister - DEBUG - Finished running cmake /home/aleromio/curso_zephyr/romioworkspace/zephyr-course/tests/ring_buf for native_sim/native in 3.88 seconds
2026-05-21 11:23:52,340 - twister - DEBUG - build test: native_sim/native/host/homework.unit.ring_buf
2026-05-21 11:23:52,340 - twister - DEBUG - Building /home/aleromio/curso_zephyr/romioworkspace/zephyr-course/tests/ring_buf for native_sim/native
2026-05-21 11:23:52,341 - twister - DEBUG - Running /usr/bin/cmake --build /home/aleromio/curso_zephyr/romioworkspace/zephyr-course/twister-out/native_sim_native/host/homework.unit.ring_buf
2026-05-21 11:23:53,724 - twister - DEBUG - Finished building /home/aleromio/curso_zephyr/romioworkspace/zephyr-course/tests/ring_buf for native_sim/native in 1.38 seconds
2026-05-21 11:23:53,724 - twister - DEBUG - Determine test cases for test instance: native_sim/native/host/homework.unit.ring_buf
2026-05-21 11:23:53,724 - twister - DEBUG - Determine test cases for test suite: homework.unit.ring_buf
2026-05-21 11:23:53,762 - twister - DEBUG - Test instance native_sim/native/host/homework.unit.ring_buf already has 8 testcase(s) known: [<TestCase homework.unit.ring_buf.ring_buf_init.fresh_state with None>, <TestCase homework.unit.ring_buf.ring_buf_push_pop.push_full_returns_enospc with None>, <TestCase homework.unit.ring_buf.ring_buf_push_pop.fifo_order with None>, <TestCase homework.unit.ring_buf.ring_buf_boundaries.pop_null_returns_einval with None>, <TestCase homework.unit.ring_buf.ring_buf_push_pop.single_push_pop with None>, <TestCase homework.unit.ring_buf.ring_buf_boundaries.is_full_after_fill with None>, <TestCase homework.unit.ring_buf.ring_buf_init.reinit_clears_state with None>, <TestCase homework.unit.ring_buf.ring_buf_boundaries.peek_does_not_consume with None>]
2026-05-21 11:23:53,762 - twister - DEBUG - Detected 8 Ztest case(s): [homework.unit.ring_buf.ring_buf_boundaries.is_full_after_fill, homework.unit.ring_buf.ring_buf_boundaries.pop_null_returns_einval, homework.unit.ring_buf.ring_buf_boundaries.peek_does_not_consume, homework.unit.ring_buf.ring_buf_push_pop.push_full_returns_enospc, homework.unit.ring_buf.ring_buf_push_pop.fifo_order, homework.unit.ring_buf.ring_buf_push_pop.single_push_pop, homework.unit.ring_buf.ring_buf_init.reinit_clears_state, homework.unit.ring_buf.ring_buf_init.fresh_state] in /home/aleromio/curso_zephyr/romioworkspace/zephyr-course/twister-out/native_sim_native/host/homework.unit.ring_buf/zephyr/zephyr.elf
2026-05-21 11:23:53,766 - twister - DEBUG - run test: native_sim/native/host/homework.unit.ring_buf
2026-05-21 11:23:53,766 - twister - DEBUG - Reset instance status from 'passed' to None before run.
2026-05-21 11:23:53,766 - twister - DEBUG - Spawning process: /home/aleromio/curso_zephyr/romioworkspace/zephyr-course/twister-out/native_sim_native/host/homework.unit.ring_buf/zephyr/zephyr.exe
in directory: /home/aleromio/curso_zephyr/romioworkspace/zephyr-course/twister-out/native_sim_native/host/homework.unit.ring_buf
2026-05-21 11:23:53,766 - twister - DEBUG - Spawning BinaryHandler Thread for native_sim/native/host/homework.unit.ring_buf
2026-05-21 11:23:53,767 - twister - DEBUG - OUTPUT: *** Booting Zephyr OS build v4.2.0 ***
2026-05-21 11:23:53,768 - twister - DEBUG - OUTPUT: Running TESTSUITE ring_buf_boundaries
2026-05-21 11:23:53,768 - twister - DEBUG - OUTPUT: ===================================================================
2026-05-21 11:23:53,768 - twister - DEBUG - OUTPUT: START - test_pop_null_returns_einval
2026-05-21 11:23:53,768 - twister - DEBUG - OUTPUT: [00:00:00.000,000] [1;31m<err> ring_buf: value pointer is NULL[0m
2026-05-21 11:23:53,768 - twister - DEBUG - OUTPUT:  PASS - test_pop_null_returns_einval in 0.000 seconds
2026-05-21 11:23:53,768 - twister - DEBUG - OUTPUT: ===================================================================
2026-05-21 11:23:53,769 - twister - DEBUG - OUTPUT: START - test_is_full_after_fill
2026-05-21 11:23:53,769 - twister - DEBUG - OUTPUT: 
2026-05-21 11:23:53,769 - twister - DEBUG - OUTPUT:     Assertion failed at WEST_TOPDIR/zephyr-course/tests/ring_buf/src/test_ring_buf.c:158: ring_buf_boundaries_test_is_full_after_fill: (rb_count() not equal to 5)
2026-05-21 11:23:53,769 - twister - DEBUG - OUTPUT: Count must be 4
2026-05-21 11:23:53,769 - twister - DEBUG - OUTPUT:  FAIL - test_is_full_after_fill in 0.000 seconds
2026-05-21 11:23:53,769 - twister - DEBUG - OUTPUT: ===================================================================
2026-05-21 11:23:53,769 - twister - DEBUG - OUTPUT: START - test_peek_does_not_consume
2026-05-21 11:23:53,769 - twister - DEBUG - OUTPUT:  PASS - test_peek_does_not_consume in 0.000 seconds
2026-05-21 11:23:53,770 - twister - DEBUG - OUTPUT: ===================================================================
2026-05-21 11:23:53,770 - twister - DEBUG - OUTPUT: START - test_peek_does_not_consume
2026-05-21 11:23:53,770 - twister - DEBUG - OUTPUT:  PASS - test_peek_does_not_consume in 0.000 seconds
2026-05-21 11:23:53,770 - twister - DEBUG - OUTPUT: ===================================================================
2026-05-21 11:23:53,770 - twister - DEBUG - OUTPUT: START - test_is_full_after_fill
2026-05-21 11:23:53,770 - twister - DEBUG - OUTPUT: 
2026-05-21 11:23:53,770 - twister - DEBUG - OUTPUT:     Assertion failed at WEST_TOPDIR/zephyr-course/tests/ring_buf/src/test_ring_buf.c:158: ring_buf_boundaries_test_is_full_after_fill: (rb_count() not equal to 5)
2026-05-21 11:23:53,770 - twister - DEBUG - OUTPUT: Count must be 4
2026-05-21 11:23:53,771 - twister - DEBUG - OUTPUT:  FAIL - test_is_full_after_fill in 0.000 seconds
2026-05-21 11:23:53,771 - twister - DEBUG - OUTPUT: ===================================================================
2026-05-21 11:23:53,771 - twister - DEBUG - OUTPUT: START - test_pop_null_returns_einval
2026-05-21 11:23:53,771 - twister - DEBUG - OUTPUT: [00:00:00.000,000] [1;31m<err> ring_buf: value pointer is NULL[0m
2026-05-21 11:23:53,771 - twister - DEBUG - OUTPUT:  PASS - test_pop_null_returns_einval in 0.000 seconds
2026-05-21 11:23:53,771 - twister - DEBUG - OUTPUT: ===================================================================
2026-05-21 11:23:53,771 - twister - DEBUG - OUTPUT: START - test_peek_does_not_consume
2026-05-21 11:23:53,771 - twister - DEBUG - OUTPUT:  PASS - test_peek_does_not_consume in 0.000 seconds
2026-05-21 11:23:53,771 - twister - DEBUG - OUTPUT: ===================================================================
2026-05-21 11:23:53,772 - twister - DEBUG - OUTPUT: START - test_pop_null_returns_einval
2026-05-21 11:23:53,772 - twister - DEBUG - OUTPUT: [00:00:00.000,000] [1;31m<err> ring_buf: value pointer is NULL[0m
2026-05-21 11:23:53,772 - twister - DEBUG - OUTPUT:  PASS - test_pop_null_returns_einval in 0.000 seconds
2026-05-21 11:23:53,772 - twister - DEBUG - OUTPUT: ===================================================================
2026-05-21 11:23:53,772 - twister - DEBUG - OUTPUT: START - test_is_full_after_fill
2026-05-21 11:23:53,772 - twister - DEBUG - OUTPUT: 
2026-05-21 11:23:53,772 - twister - DEBUG - OUTPUT:     Assertion failed at WEST_TOPDIR/zephyr-course/tests/ring_buf/src/test_ring_buf.c:158: ring_buf_boundaries_test_is_full_after_fill: (rb_count() not equal to 5)
2026-05-21 11:23:53,772 - twister - DEBUG - OUTPUT: Count must be 4
2026-05-21 11:23:53,773 - twister - DEBUG - OUTPUT:  FAIL - test_is_full_after_fill in 0.000 seconds
2026-05-21 11:23:53,773 - twister - DEBUG - OUTPUT: ===================================================================
2026-05-21 11:23:53,773 - twister - DEBUG - OUTPUT: TESTSUITE ring_buf_boundaries failed.
2026-05-21 11:23:53,773 - twister - DEBUG - OUTPUT: Running TESTSUITE ring_buf_boundaries
2026-05-21 11:23:53,773 - twister - DEBUG - OUTPUT: ===================================================================
2026-05-21 11:23:53,773 - twister - DEBUG - OUTPUT: START - test_peek_does_not_consume
2026-05-21 11:23:53,773 - twister - DEBUG - OUTPUT:  PASS - test_peek_does_not_consume in 0.000 seconds
2026-05-21 11:23:53,773 - twister - DEBUG - OUTPUT: ===================================================================
2026-05-21 11:23:53,774 - twister - DEBUG - OUTPUT: START - test_is_full_after_fill
2026-05-21 11:23:53,774 - twister - DEBUG - OUTPUT: 
2026-05-21 11:23:53,774 - twister - DEBUG - OUTPUT:     Assertion failed at WEST_TOPDIR/zephyr-course/tests/ring_buf/src/test_ring_buf.c:158: ring_buf_boundaries_test_is_full_after_fill: (rb_count() not equal to 5)
2026-05-21 11:23:53,774 - twister - DEBUG - OUTPUT: Count must be 4
2026-05-21 11:23:53,774 - twister - DEBUG - OUTPUT:  FAIL - test_is_full_after_fill in 0.000 seconds
2026-05-21 11:23:53,774 - twister - DEBUG - OUTPUT: ===================================================================
2026-05-21 11:23:53,774 - twister - DEBUG - OUTPUT: START - test_pop_null_returns_einval
2026-05-21 11:23:53,774 - twister - DEBUG - OUTPUT: [00:00:00.000,000] [1;31m<err> ring_buf: value pointer is NULL[0m
2026-05-21 11:23:53,774 - twister - DEBUG - OUTPUT:  PASS - test_pop_null_returns_einval in 0.000 seconds
2026-05-21 11:23:53,774 - twister - DEBUG - OUTPUT: ===================================================================
2026-05-21 11:23:53,775 - twister - DEBUG - OUTPUT: START - test_peek_does_not_consume
2026-05-21 11:23:53,775 - twister - DEBUG - OUTPUT:  PASS - test_peek_does_not_consume in 0.000 seconds
2026-05-21 11:23:53,775 - twister - DEBUG - OUTPUT: ===================================================================
2026-05-21 11:23:53,775 - twister - DEBUG - OUTPUT: START - test_is_full_after_fill
2026-05-21 11:23:53,775 - twister - DEBUG - OUTPUT: 
2026-05-21 11:23:53,775 - twister - DEBUG - OUTPUT:     Assertion failed at WEST_TOPDIR/zephyr-course/tests/ring_buf/src/test_ring_buf.c:158: ring_buf_boundaries_test_is_full_after_fill: (rb_count() not equal to 5)
2026-05-21 11:23:53,775 - twister - DEBUG - OUTPUT: Count must be 4
2026-05-21 11:23:53,775 - twister - DEBUG - OUTPUT:  FAIL - test_is_full_after_fill in 0.000 seconds
2026-05-21 11:23:53,775 - twister - DEBUG - OUTPUT: ===================================================================
2026-05-21 11:23:53,775 - twister - DEBUG - OUTPUT: START - test_pop_null_returns_einval
2026-05-21 11:23:53,775 - twister - DEBUG - OUTPUT: [00:00:00.000,000] [1;31m<err> ring_buf: value pointer is NULL[0m
2026-05-21 11:23:53,776 - twister - DEBUG - OUTPUT:  PASS - test_pop_null_returns_einval in 0.000 seconds
2026-05-21 11:23:53,776 - twister - DEBUG - OUTPUT: ===================================================================
2026-05-21 11:23:53,776 - twister - DEBUG - OUTPUT: START - test_is_full_after_fill
2026-05-21 11:23:53,776 - twister - DEBUG - OUTPUT: 
2026-05-21 11:23:53,776 - twister - DEBUG - OUTPUT:     Assertion failed at WEST_TOPDIR/zephyr-course/tests/ring_buf/src/test_ring_buf.c:158: ring_buf_boundaries_test_is_full_after_fill: (rb_count() not equal to 5)
2026-05-21 11:23:53,776 - twister - DEBUG - OUTPUT: Count must be 4
2026-05-21 11:23:53,776 - twister - DEBUG - OUTPUT:  FAIL - test_is_full_after_fill in 0.000 seconds
2026-05-21 11:23:53,776 - twister - DEBUG - OUTPUT: ===================================================================
2026-05-21 11:23:53,776 - twister - DEBUG - OUTPUT: START - test_peek_does_not_consume
2026-05-21 11:23:53,776 - twister - DEBUG - OUTPUT:  PASS - test_peek_does_not_consume in 0.000 seconds
2026-05-21 11:23:53,777 - twister - DEBUG - OUTPUT: ===================================================================
2026-05-21 11:23:53,777 - twister - DEBUG - OUTPUT: START - test_pop_null_returns_einval
2026-05-21 11:23:53,777 - twister - DEBUG - OUTPUT: [00:00:00.000,000] [1;31m<err> ring_buf: value pointer is NULL[0m
2026-05-21 11:23:53,777 - twister - DEBUG - OUTPUT:  PASS - test_pop_null_returns_einval in 0.000 seconds
2026-05-21 11:23:53,777 - twister - DEBUG - OUTPUT: ===================================================================
2026-05-21 11:23:53,777 - twister - DEBUG - OUTPUT: TESTSUITE ring_buf_boundaries failed.
2026-05-21 11:23:53,777 - twister - DEBUG - OUTPUT: Running TESTSUITE ring_buf_boundaries
2026-05-21 11:23:53,777 - twister - DEBUG - OUTPUT: ===================================================================
2026-05-21 11:23:53,777 - twister - DEBUG - OUTPUT: START - test_is_full_after_fill
2026-05-21 11:23:53,777 - twister - DEBUG - OUTPUT: 
2026-05-21 11:23:53,778 - twister - DEBUG - OUTPUT:     Assertion failed at WEST_TOPDIR/zephyr-course/tests/ring_buf/src/test_ring_buf.c:158: ring_buf_boundaries_test_is_full_after_fill: (rb_count() not equal to 5)
2026-05-21 11:23:53,778 - twister - DEBUG - OUTPUT: Count must be 4
2026-05-21 11:23:53,778 - twister - DEBUG - OUTPUT:  FAIL - test_is_full_after_fill in 0.000 seconds
2026-05-21 11:23:53,778 - twister - DEBUG - OUTPUT: ===================================================================
2026-05-21 11:23:53,778 - twister - DEBUG - OUTPUT: START - test_peek_does_not_consume
2026-05-21 11:23:53,778 - twister - DEBUG - OUTPUT:  PASS - test_peek_does_not_consume in 0.000 seconds
2026-05-21 11:23:53,778 - twister - DEBUG - OUTPUT: ===================================================================
2026-05-21 11:23:53,778 - twister - DEBUG - OUTPUT: START - test_pop_null_returns_einval
2026-05-21 11:23:53,778 - twister - DEBUG - OUTPUT: [00:00:00.000,000] [1;31m<err> ring_buf: value pointer is NULL[0m
2026-05-21 11:23:53,778 - twister - DEBUG - OUTPUT:  PASS - test_pop_null_returns_einval in 0.000 seconds
2026-05-21 11:23:53,778 - twister - DEBUG - OUTPUT: ===================================================================
2026-05-21 11:23:53,779 - twister - DEBUG - OUTPUT: START - test_peek_does_not_consume
2026-05-21 11:23:53,779 - twister - DEBUG - OUTPUT:  PASS - test_peek_does_not_consume in 0.000 seconds
2026-05-21 11:23:53,779 - twister - DEBUG - OUTPUT: ===================================================================
2026-05-21 11:23:53,779 - twister - DEBUG - OUTPUT: START - test_pop_null_returns_einval
2026-05-21 11:23:53,779 - twister - DEBUG - OUTPUT: [00:00:00.000,000] [1;31m<err> ring_buf: value pointer is NULL[0m
2026-05-21 11:23:53,779 - twister - DEBUG - OUTPUT:  PASS - test_pop_null_returns_einval in 0.000 seconds
2026-05-21 11:23:53,779 - twister - DEBUG - OUTPUT: ===================================================================
2026-05-21 11:23:53,779 - twister - DEBUG - OUTPUT: START - test_is_full_after_fill
2026-05-21 11:23:53,779 - twister - DEBUG - OUTPUT: 
2026-05-21 11:23:53,779 - twister - DEBUG - OUTPUT:     Assertion failed at WEST_TOPDIR/zephyr-course/tests/ring_buf/src/test_ring_buf.c:158: ring_buf_boundaries_test_is_full_after_fill: (rb_count() not equal to 5)
2026-05-21 11:23:53,779 - twister - DEBUG - OUTPUT: Count must be 4
2026-05-21 11:23:53,780 - twister - DEBUG - OUTPUT:  FAIL - test_is_full_after_fill in 0.000 seconds
2026-05-21 11:23:53,780 - twister - DEBUG - OUTPUT: ===================================================================
2026-05-21 11:23:53,780 - twister - DEBUG - OUTPUT: START - test_peek_does_not_consume
2026-05-21 11:23:53,780 - twister - DEBUG - OUTPUT:  PASS - test_peek_does_not_consume in 0.000 seconds
2026-05-21 11:23:53,780 - twister - DEBUG - OUTPUT: ===================================================================
2026-05-21 11:23:53,780 - twister - DEBUG - OUTPUT: START - test_pop_null_returns_einval
2026-05-21 11:23:53,780 - twister - DEBUG - OUTPUT: [00:00:00.000,000] [1;31m<err> ring_buf: value pointer is NULL[0m
2026-05-21 11:23:53,780 - twister - DEBUG - OUTPUT:  PASS - test_pop_null_returns_einval in 0.000 seconds
2026-05-21 11:23:53,780 - twister - DEBUG - OUTPUT: ===================================================================
2026-05-21 11:23:53,780 - twister - DEBUG - OUTPUT: START - test_is_full_after_fill
2026-05-21 11:23:53,781 - twister - DEBUG - OUTPUT: 
2026-05-21 11:23:53,781 - twister - DEBUG - OUTPUT:     Assertion failed at WEST_TOPDIR/zephyr-course/tests/ring_buf/src/test_ring_buf.c:158: ring_buf_boundaries_test_is_full_after_fill: (rb_count() not equal to 5)
2026-05-21 11:23:53,781 - twister - DEBUG - OUTPUT: Count must be 4
2026-05-21 11:23:53,781 - twister - DEBUG - OUTPUT:  FAIL - test_is_full_after_fill in 0.000 seconds
2026-05-21 11:23:53,781 - twister - DEBUG - OUTPUT: ===================================================================
2026-05-21 11:23:53,781 - twister - DEBUG - OUTPUT: TESTSUITE ring_buf_boundaries failed.
2026-05-21 11:23:53,781 - twister - DEBUG - OUTPUT: Running TESTSUITE ring_buf_init
2026-05-21 11:23:53,781 - twister - DEBUG - OUTPUT: ===================================================================
2026-05-21 11:23:53,782 - twister - DEBUG - OUTPUT: START - test_reinit_clears_state
2026-05-21 11:23:53,782 - twister - DEBUG - OUTPUT:  PASS - test_reinit_clears_state in 0.000 seconds
2026-05-21 11:23:53,782 - twister - DEBUG - OUTPUT: ===================================================================
2026-05-21 11:23:53,782 - twister - DEBUG - OUTPUT: START - test_fresh_state
2026-05-21 11:23:53,782 - twister - DEBUG - OUTPUT:  PASS - test_fresh_state in 0.000 seconds
2026-05-21 11:23:53,782 - twister - DEBUG - OUTPUT: ===================================================================
2026-05-21 11:23:53,782 - twister - DEBUG - OUTPUT: START - test_reinit_clears_state
2026-05-21 11:23:53,783 - twister - DEBUG - OUTPUT:  PASS - test_reinit_clears_state in 0.000 seconds
2026-05-21 11:23:53,783 - twister - DEBUG - OUTPUT: ===================================================================
2026-05-21 11:23:53,783 - twister - DEBUG - OUTPUT: START - test_fresh_state
2026-05-21 11:23:53,783 - twister - DEBUG - OUTPUT:  PASS - test_fresh_state in 0.000 seconds
2026-05-21 11:23:53,783 - twister - DEBUG - OUTPUT: ===================================================================
2026-05-21 11:23:53,783 - twister - DEBUG - OUTPUT: START - test_reinit_clears_state
2026-05-21 11:23:53,783 - twister - DEBUG - OUTPUT:  PASS - test_reinit_clears_state in 0.000 seconds
2026-05-21 11:23:53,783 - twister - DEBUG - OUTPUT: ===================================================================
2026-05-21 11:23:53,783 - twister - DEBUG - OUTPUT: START - test_fresh_state
2026-05-21 11:23:53,784 - twister - DEBUG - OUTPUT:  PASS - test_fresh_state in 0.000 seconds
2026-05-21 11:23:53,784 - twister - DEBUG - OUTPUT: ===================================================================
2026-05-21 11:23:53,784 - twister - DEBUG - OUTPUT: TESTSUITE ring_buf_init succeeded
2026-05-21 11:23:53,784 - twister - DEBUG - OUTPUT: Running TESTSUITE ring_buf_init
2026-05-21 11:23:53,784 - twister - DEBUG - OUTPUT: ===================================================================
2026-05-21 11:23:53,784 - twister - DEBUG - OUTPUT: START - test_fresh_state
2026-05-21 11:23:53,784 - twister - DEBUG - OUTPUT:  PASS - test_fresh_state in 0.000 seconds
2026-05-21 11:23:53,784 - twister - DEBUG - OUTPUT: ===================================================================
2026-05-21 11:23:53,784 - twister - DEBUG - OUTPUT: START - test_reinit_clears_state
2026-05-21 11:23:53,785 - twister - DEBUG - OUTPUT:  PASS - test_reinit_clears_state in 0.000 seconds
2026-05-21 11:23:53,785 - twister - DEBUG - OUTPUT: ===================================================================
2026-05-21 11:23:53,785 - twister - DEBUG - OUTPUT: START - test_fresh_state
2026-05-21 11:23:53,785 - twister - DEBUG - OUTPUT:  PASS - test_fresh_state in 0.000 seconds
2026-05-21 11:23:53,785 - twister - DEBUG - OUTPUT: ===================================================================
2026-05-21 11:23:53,785 - twister - DEBUG - OUTPUT: START - test_reinit_clears_state
2026-05-21 11:23:53,785 - twister - DEBUG - OUTPUT:  PASS - test_reinit_clears_state in 0.000 seconds
2026-05-21 11:23:53,785 - twister - DEBUG - OUTPUT: ===================================================================
2026-05-21 11:23:53,785 - twister - DEBUG - OUTPUT: START - test_reinit_clears_state
2026-05-21 11:23:53,786 - twister - DEBUG - OUTPUT:  PASS - test_reinit_clears_state in 0.000 seconds
2026-05-21 11:23:53,786 - twister - DEBUG - OUTPUT: ===================================================================
2026-05-21 11:23:53,786 - twister - DEBUG - OUTPUT: START - test_fresh_state
2026-05-21 11:23:53,786 - twister - DEBUG - OUTPUT:  PASS - test_fresh_state in 0.000 seconds
2026-05-21 11:23:53,786 - twister - DEBUG - OUTPUT: ===================================================================
2026-05-21 11:23:53,786 - twister - DEBUG - OUTPUT: TESTSUITE ring_buf_init succeeded
2026-05-21 11:23:53,786 - twister - DEBUG - OUTPUT: Running TESTSUITE ring_buf_init
2026-05-21 11:23:53,786 - twister - DEBUG - OUTPUT: ===================================================================
2026-05-21 11:23:53,787 - twister - DEBUG - OUTPUT: START - test_fresh_state
2026-05-21 11:23:53,787 - twister - DEBUG - OUTPUT:  PASS - test_fresh_state in 0.000 seconds
2026-05-21 11:23:53,787 - twister - DEBUG - OUTPUT: ===================================================================
2026-05-21 11:23:53,787 - twister - DEBUG - OUTPUT: START - test_reinit_clears_state
2026-05-21 11:23:53,787 - twister - DEBUG - OUTPUT:  PASS - test_reinit_clears_state in 0.000 seconds
2026-05-21 11:23:53,787 - twister - DEBUG - OUTPUT: ===================================================================
2026-05-21 11:23:53,787 - twister - DEBUG - OUTPUT: START - test_fresh_state
2026-05-21 11:23:53,787 - twister - DEBUG - OUTPUT:  PASS - test_fresh_state in 0.000 seconds
2026-05-21 11:23:53,787 - twister - DEBUG - OUTPUT: ===================================================================
2026-05-21 11:23:53,788 - twister - DEBUG - OUTPUT: START - test_reinit_clears_state
2026-05-21 11:23:53,788 - twister - DEBUG - OUTPUT:  PASS - test_reinit_clears_state in 0.000 seconds
2026-05-21 11:23:53,788 - twister - DEBUG - OUTPUT: ===================================================================
2026-05-21 11:23:53,788 - twister - DEBUG - OUTPUT: START - test_reinit_clears_state
2026-05-21 11:23:53,788 - twister - DEBUG - OUTPUT:  PASS - test_reinit_clears_state in 0.000 seconds
2026-05-21 11:23:53,788 - twister - DEBUG - OUTPUT: ===================================================================
2026-05-21 11:23:53,788 - twister - DEBUG - OUTPUT: START - test_fresh_state
2026-05-21 11:23:53,788 - twister - DEBUG - OUTPUT:  PASS - test_fresh_state in 0.000 seconds
2026-05-21 11:23:53,788 - twister - DEBUG - OUTPUT: ===================================================================
2026-05-21 11:23:53,789 - twister - DEBUG - OUTPUT: TESTSUITE ring_buf_init succeeded
2026-05-21 11:23:53,789 - twister - DEBUG - OUTPUT: Running TESTSUITE ring_buf_push_pop
2026-05-21 11:23:53,789 - twister - DEBUG - OUTPUT: ===================================================================
2026-05-21 11:23:53,789 - twister - DEBUG - OUTPUT: START - test_push_full_returns_enospc
2026-05-21 11:23:53,789 - twister - DEBUG - OUTPUT: [00:00:00.000,000] [1;33m<wrn> ring_buf: buffer full (capacity=4)[0m
2026-05-21 11:23:53,789 - twister - DEBUG - OUTPUT:  PASS - test_push_full_returns_enospc in 0.000 seconds
2026-05-21 11:23:53,789 - twister - DEBUG - OUTPUT: ===================================================================
2026-05-21 11:23:53,789 - twister - DEBUG - OUTPUT: START - test_single_push_pop
2026-05-21 11:23:53,790 - twister - DEBUG - OUTPUT:  PASS - test_single_push_pop in 0.000 seconds
2026-05-21 11:23:53,790 - twister - DEBUG - OUTPUT: ===================================================================
2026-05-21 11:23:53,790 - twister - DEBUG - OUTPUT: START - test_fifo_order
2026-05-21 11:23:53,790 - twister - DEBUG - OUTPUT:  PASS - test_fifo_order in 0.000 seconds
2026-05-21 11:23:53,790 - twister - DEBUG - OUTPUT: ===================================================================
2026-05-21 11:23:53,790 - twister - DEBUG - OUTPUT: START - test_push_full_returns_enospc
2026-05-21 11:23:53,790 - twister - DEBUG - OUTPUT: [00:00:00.000,000] [1;33m<wrn> ring_buf: buffer full (capacity=4)[0m
2026-05-21 11:23:53,790 - twister - DEBUG - OUTPUT:  PASS - test_push_full_returns_enospc in 0.000 seconds
2026-05-21 11:23:53,790 - twister - DEBUG - OUTPUT: ===================================================================
2026-05-21 11:23:53,791 - twister - DEBUG - OUTPUT: START - test_fifo_order
2026-05-21 11:23:53,791 - twister - DEBUG - OUTPUT:  PASS - test_fifo_order in 0.000 seconds
2026-05-21 11:23:53,791 - twister - DEBUG - OUTPUT: ===================================================================
2026-05-21 11:23:53,791 - twister - DEBUG - OUTPUT: START - test_single_push_pop
2026-05-21 11:23:53,791 - twister - DEBUG - OUTPUT:  PASS - test_single_push_pop in 0.000 seconds
2026-05-21 11:23:53,791 - twister - DEBUG - OUTPUT: ===================================================================
2026-05-21 11:23:53,791 - twister - DEBUG - OUTPUT: START - test_single_push_pop
2026-05-21 11:23:53,791 - twister - DEBUG - OUTPUT:  PASS - test_single_push_pop in 0.000 seconds
2026-05-21 11:23:53,792 - twister - DEBUG - OUTPUT: ===================================================================
2026-05-21 11:23:53,792 - twister - DEBUG - OUTPUT: START - test_push_full_returns_enospc
2026-05-21 11:23:53,792 - twister - DEBUG - OUTPUT: [00:00:00.000,000] [1;33m<wrn> ring_buf: buffer full (capacity=4)[0m
2026-05-21 11:23:53,792 - twister - DEBUG - OUTPUT:  PASS - test_push_full_returns_enospc in 0.000 seconds
2026-05-21 11:23:53,792 - twister - DEBUG - OUTPUT: ===================================================================
2026-05-21 11:23:53,792 - twister - DEBUG - OUTPUT: START - test_fifo_order
2026-05-21 11:23:53,792 - twister - DEBUG - OUTPUT:  PASS - test_fifo_order in 0.000 seconds
2026-05-21 11:23:53,792 - twister - DEBUG - OUTPUT: ===================================================================
2026-05-21 11:23:53,792 - twister - DEBUG - OUTPUT: TESTSUITE ring_buf_push_pop succeeded
2026-05-21 11:23:53,792 - twister - DEBUG - OUTPUT: Running TESTSUITE ring_buf_push_pop
2026-05-21 11:23:53,792 - twister - DEBUG - OUTPUT: ===================================================================
2026-05-21 11:23:53,793 - twister - DEBUG - OUTPUT: START - test_push_full_returns_enospc
2026-05-21 11:23:53,793 - twister - DEBUG - OUTPUT: [00:00:00.000,000] [1;33m<wrn> ring_buf: buffer full (capacity=4)[0m
2026-05-21 11:23:53,793 - twister - DEBUG - OUTPUT:  PASS - test_push_full_returns_enospc in 0.000 seconds
2026-05-21 11:23:53,793 - twister - DEBUG - OUTPUT: ===================================================================
2026-05-21 11:23:53,793 - twister - DEBUG - OUTPUT: START - test_single_push_pop
2026-05-21 11:23:53,793 - twister - DEBUG - OUTPUT:  PASS - test_single_push_pop in 0.000 seconds
2026-05-21 11:23:53,793 - twister - DEBUG - OUTPUT: ===================================================================
2026-05-21 11:23:53,793 - twister - DEBUG - OUTPUT: START - test_fifo_order
2026-05-21 11:23:53,793 - twister - DEBUG - OUTPUT:  PASS - test_fifo_order in 0.000 seconds
2026-05-21 11:23:53,793 - twister - DEBUG - OUTPUT: ===================================================================
2026-05-21 11:23:53,794 - twister - DEBUG - OUTPUT: START - test_fifo_order
2026-05-21 11:23:53,794 - twister - DEBUG - OUTPUT:  PASS - test_fifo_order in 0.000 seconds
2026-05-21 11:23:53,794 - twister - DEBUG - OUTPUT: ===================================================================
2026-05-21 11:23:53,794 - twister - DEBUG - OUTPUT: START - test_push_full_returns_enospc
2026-05-21 11:23:53,794 - twister - DEBUG - OUTPUT: [00:00:00.000,000] [1;33m<wrn> ring_buf: buffer full (capacity=4)[0m
2026-05-21 11:23:53,794 - twister - DEBUG - OUTPUT:  PASS - test_push_full_returns_enospc in 0.000 seconds
2026-05-21 11:23:53,794 - twister - DEBUG - OUTPUT: ===================================================================
2026-05-21 11:23:53,794 - twister - DEBUG - OUTPUT: START - test_single_push_pop
2026-05-21 11:23:53,794 - twister - DEBUG - OUTPUT:  PASS - test_single_push_pop in 0.000 seconds
2026-05-21 11:23:53,794 - twister - DEBUG - OUTPUT: ===================================================================
2026-05-21 11:23:53,795 - twister - DEBUG - OUTPUT: START - test_fifo_order
2026-05-21 11:23:53,795 - twister - DEBUG - OUTPUT:  PASS - test_fifo_order in 0.000 seconds
2026-05-21 11:23:53,795 - twister - DEBUG - OUTPUT: ===================================================================
2026-05-21 11:23:53,795 - twister - DEBUG - OUTPUT: START - test_push_full_returns_enospc
2026-05-21 11:23:53,795 - twister - DEBUG - OUTPUT: [00:00:00.000,000] [1;33m<wrn> ring_buf: buffer full (capacity=4)[0m
2026-05-21 11:23:53,795 - twister - DEBUG - OUTPUT:  PASS - test_push_full_returns_enospc in 0.000 seconds
2026-05-21 11:23:53,795 - twister - DEBUG - OUTPUT: ===================================================================
2026-05-21 11:23:53,795 - twister - DEBUG - OUTPUT: START - test_single_push_pop
2026-05-21 11:23:53,795 - twister - DEBUG - OUTPUT:  PASS - test_single_push_pop in 0.000 seconds
2026-05-21 11:23:53,795 - twister - DEBUG - OUTPUT: ===================================================================
2026-05-21 11:23:53,795 - twister - DEBUG - OUTPUT: TESTSUITE ring_buf_push_pop succeeded
2026-05-21 11:23:53,796 - twister - DEBUG - OUTPUT: Running TESTSUITE ring_buf_push_pop
2026-05-21 11:23:53,796 - twister - DEBUG - OUTPUT: ===================================================================
2026-05-21 11:23:53,796 - twister - DEBUG - OUTPUT: START - test_single_push_pop
2026-05-21 11:23:53,796 - twister - DEBUG - OUTPUT:  PASS - test_single_push_pop in 0.000 seconds
2026-05-21 11:23:53,796 - twister - DEBUG - OUTPUT: ===================================================================
2026-05-21 11:23:53,796 - twister - DEBUG - OUTPUT: START - test_fifo_order
2026-05-21 11:23:53,796 - twister - DEBUG - OUTPUT:  PASS - test_fifo_order in 0.000 seconds
2026-05-21 11:23:53,796 - twister - DEBUG - OUTPUT: ===================================================================
2026-05-21 11:23:53,796 - twister - DEBUG - OUTPUT: START - test_push_full_returns_enospc
2026-05-21 11:23:53,796 - twister - DEBUG - OUTPUT: [00:00:00.000,000] [1;33m<wrn> ring_buf: buffer full (capacity=4)[0m
2026-05-21 11:23:53,796 - twister - DEBUG - OUTPUT:  PASS - test_push_full_returns_enospc in 0.000 seconds
2026-05-21 11:23:53,797 - twister - DEBUG - OUTPUT: ===================================================================
2026-05-21 11:23:53,797 - twister - DEBUG - OUTPUT: START - test_single_push_pop
2026-05-21 11:23:53,797 - twister - DEBUG - OUTPUT:  PASS - test_single_push_pop in 0.000 seconds
2026-05-21 11:23:53,797 - twister - DEBUG - OUTPUT: ===================================================================
2026-05-21 11:23:53,797 - twister - DEBUG - OUTPUT: START - test_push_full_returns_enospc
2026-05-21 11:23:53,797 - twister - DEBUG - OUTPUT: [00:00:00.000,000] [1;33m<wrn> ring_buf: buffer full (capacity=4)[0m
2026-05-21 11:23:53,797 - twister - DEBUG - OUTPUT:  PASS - test_push_full_returns_enospc in 0.000 seconds
2026-05-21 11:23:53,797 - twister - DEBUG - OUTPUT: ===================================================================
2026-05-21 11:23:53,797 - twister - DEBUG - OUTPUT: START - test_fifo_order
2026-05-21 11:23:53,797 - twister - DEBUG - OUTPUT:  PASS - test_fifo_order in 0.000 seconds
2026-05-21 11:23:53,797 - twister - DEBUG - OUTPUT: ===================================================================
2026-05-21 11:23:53,798 - twister - DEBUG - OUTPUT: START - test_single_push_pop
2026-05-21 11:23:53,798 - twister - DEBUG - OUTPUT:  PASS - test_single_push_pop in 0.000 seconds
2026-05-21 11:23:53,798 - twister - DEBUG - OUTPUT: ===================================================================
2026-05-21 11:23:53,798 - twister - DEBUG - OUTPUT: START - test_push_full_returns_enospc
2026-05-21 11:23:53,798 - twister - DEBUG - OUTPUT: [00:00:00.000,000] [1;33m<wrn> ring_buf: buffer full (capacity=4)[0m
2026-05-21 11:23:53,798 - twister - DEBUG - OUTPUT:  PASS - test_push_full_returns_enospc in 0.000 seconds
2026-05-21 11:23:53,798 - twister - DEBUG - OUTPUT: ===================================================================
2026-05-21 11:23:53,798 - twister - DEBUG - OUTPUT: START - test_fifo_order
2026-05-21 11:23:53,798 - twister - DEBUG - OUTPUT:  PASS - test_fifo_order in 0.000 seconds
2026-05-21 11:23:53,798 - twister - DEBUG - OUTPUT: ===================================================================
2026-05-21 11:23:53,799 - twister - DEBUG - OUTPUT: TESTSUITE ring_buf_push_pop succeeded
2026-05-21 11:23:53,799 - twister - DEBUG - OUTPUT: 
2026-05-21 11:23:53,799 - twister - DEBUG - OUTPUT: ------ TESTSUITE SUMMARY START ------
2026-05-21 11:23:53,799 - twister - DEBUG - OUTPUT: 
2026-05-21 11:23:53,799 - twister - DEBUG - OUTPUT: SUITE FAIL -  66.67% [ring_buf_boundaries]: pass = 2, fail = 1, skip = 0, total = 3 duration = 0.000 seconds
2026-05-21 11:23:53,799 - twister - DEBUG - OUTPUT:  - FAIL - [ring_buf_boundaries.test_is_full_after_fill] duration = 0.000 seconds
2026-05-21 11:23:53,799 - twister - DEBUG - OUTPUT:  - PASS - [ring_buf_boundaries.test_peek_does_not_consume] duration = 0.000 seconds
2026-05-21 11:23:53,799 - twister - DEBUG - OUTPUT:  - PASS - [ring_buf_boundaries.test_pop_null_returns_einval] duration = 0.000 seconds
2026-05-21 11:23:53,799 - twister - DEBUG - OUTPUT: 
2026-05-21 11:23:53,799 - twister - DEBUG - OUTPUT: SUITE PASS - 100.00% [ring_buf_init]: pass = 2, fail = 0, skip = 0, total = 2 duration = 0.000 seconds
2026-05-21 11:23:53,799 - twister - DEBUG - OUTPUT:  - PASS - [ring_buf_init.test_fresh_state] duration = 0.000 seconds
2026-05-21 11:23:53,800 - twister - DEBUG - OUTPUT:  - PASS - [ring_buf_init.test_reinit_clears_state] duration = 0.000 seconds
2026-05-21 11:23:53,800 - twister - DEBUG - OUTPUT: 
2026-05-21 11:23:53,800 - twister - DEBUG - OUTPUT: SUITE PASS - 100.00% [ring_buf_push_pop]: pass = 3, fail = 0, skip = 0, total = 3 duration = 0.000 seconds
2026-05-21 11:23:53,800 - twister - DEBUG - OUTPUT:  - PASS - [ring_buf_push_pop.test_fifo_order] duration = 0.000 seconds
2026-05-21 11:23:53,800 - twister - DEBUG - OUTPUT:  - PASS - [ring_buf_push_pop.test_push_full_returns_enospc] duration = 0.000 seconds
2026-05-21 11:23:53,800 - twister - DEBUG - OUTPUT:  - PASS - [ring_buf_push_pop.test_single_push_pop] duration = 0.000 seconds
2026-05-21 11:23:53,800 - twister - DEBUG - OUTPUT: 
2026-05-21 11:23:53,800 - twister - DEBUG - OUTPUT: ------ TESTSUITE SUMMARY END ------
2026-05-21 11:23:53,800 - twister - DEBUG - OUTPUT: 
2026-05-21 11:23:53,800 - twister - DEBUG - OUTPUT: ===================================================================
2026-05-21 11:23:53,801 - twister - DEBUG - OUTPUT: RunID: 0cc5aafa8026f3923706812ca573ed7b
2026-05-21 11:23:53,801 - twister - DEBUG - OUTPUT: PROJECT EXECUTION FAILED
2026-05-21 11:23:53,802 - twister - DEBUG - Expected suite names:['ring_buf_init', 'ring_buf_push_pop', 'ring_buf_boundaries']
2026-05-21 11:23:53,802 - twister - DEBUG - Detected suite names:['ring_buf_boundaries', 'ring_buf_init', 'ring_buf_push_pop']
2026-05-21 11:23:53,802 - twister - DEBUG - run status: native_sim/native/host/homework.unit.ring_buf failed
2026-05-21 11:23:53,804 - twister - ERROR - native_sim/native         homework.unit.ring_buf                             [31mFAILED[39m: Failed (rc=1)
2026-05-21 11:23:53,804 - twister - ERROR - see: [33m/home/aleromio/curso_zephyr/romioworkspace/zephyr-course/twister-out/native_sim_native/host/homework.unit.ring_buf/handler.log[39m
2026-05-21 11:23:53,810 - twister - INFO - 1 test scenarios (1 configurations) selected, 0 configurations filtered (0 by static filter, 0 at runtime).
2026-05-21 11:23:53,810 - twister - INFO - [31m0 of 1[39m executed test configurations passed (0.00%), 0 built (not run), [31m1[39m failed, 0 errored, with no warnings in 6.63 seconds.
2026-05-21 11:23:53,810 - twister - INFO - 7 of 8 executed test cases passed (87.50%), 1 failed on 1 out of total 1115 platforms (0.09%).
2026-05-21 11:23:53,810 - twister - INFO - [32m1[39m test configurations executed on platforms, [36m0[39m test configurations were only built.
2026-05-21 11:23:53,810 - twister - INFO - Saving reports...
2026-05-21 11:23:53,810 - twister - INFO - Writing JSON report /home/aleromio/curso_zephyr/romioworkspace/zephyr-course/twister-out/twister.json
2026-05-21 11:23:53,812 - twister - INFO - Writing xunit report /home/aleromio/curso_zephyr/romioworkspace/zephyr-course/twister-out/twister.xml...
2026-05-21 11:23:53,813 - twister - INFO - Writing xunit report /home/aleromio/curso_zephyr/romioworkspace/zephyr-course/twister-out/twister_report.xml...
2026-05-21 11:23:53,814 - twister - INFO - -+-+-+-+-+-+-+-+-+-+-+-+-+-+-+-+-+-+-+-+-+-+-+-+-+-+-+-+-+-+-+-+-+-+-+-+-+-+-+-+
2026-05-21 11:23:53,814 - twister - INFO - The following issues were found (showing the top 10 items):
2026-05-21 11:23:53,814 - twister - INFO - 1) homework.unit.ring_buf on native_sim/native failed (Failed (rc=1))
2026-05-21 11:23:53,814 - twister - INFO - 
2026-05-21 11:23:53,814 - twister - INFO - To rerun the tests, call twister using the following commandline:
2026-05-21 11:23:53,814 - twister - INFO - west twister -p <PLATFORM> -s <TEST ID>, for example:
2026-05-21 11:23:53,814 - twister - INFO - 
2026-05-21 11:23:53,814 - twister - INFO - west twister -p native_sim/native -s homework.unit.ring_buf
2026-05-21 11:23:53,814 - twister - INFO - or with west:
2026-05-21 11:23:53,814 - twister - INFO - west build -p -b native_sim/native tests/ring_buf -T homework.unit.ring_buf
2026-05-21 11:23:53,814 - twister - INFO - -+-+-+-+-+-+-+-+-+-+-+-+-+-+-+-+-+-+-+-+-+-+-+-+-+-+-+-+-+-+-+-+-+-+-+-+-+-+-+-+
2026-05-21 11:23:53,814 - twister - INFO - Run completed
