2026-05-19 15:26:17,055 - twister - INFO - Using Ninja..
2026-05-19 15:26:17,100 - twister - INFO - Zephyr version: v4.2.0
2026-05-19 15:26:17,102 - twister - DEBUG - Running cmake script /home/aleromio/curso_zephyr/romioworkspace/deps/zephyr/cmake/verify-toolchain.cmake
2026-05-19 15:26:17,102 - twister - DEBUG - Calling cmake: /usr/bin/cmake -DFORMAT=json -P /home/aleromio/curso_zephyr/romioworkspace/deps/zephyr/cmake/verify-toolchain.cmake
2026-05-19 15:26:17,243 - twister - DEBUG - Finished running /home/aleromio/curso_zephyr/romioworkspace/deps/zephyr/cmake/verify-toolchain.cmake
2026-05-19 15:26:17,243 - twister - INFO - Using 'zephyr' toolchain.
2026-05-19 15:26:18,268 - twister - DEBUG - Reading testsuite configuration files under /home/aleromio/curso_zephyr/romioworkspace/zephyr-course/tests/ring_buf...
2026-05-19 15:26:18,268 - twister - DEBUG - Found possible testsuite in /home/aleromio/curso_zephyr/romioworkspace/zephyr-course/tests/ring_buf
2026-05-19 15:26:18,271 - twister - DEBUG - No duplicates found.
2026-05-19 15:26:18,271 - twister - DEBUG - platform filter: ['native_sim']
2026-05-19 15:26:18,271 - twister - DEBUG -   vendor filter: []
2026-05-19 15:26:18,271 - twister - DEBUG -     arch_filter: None
2026-05-19 15:26:18,271 - twister - DEBUG -      tag_filter: None
2026-05-19 15:26:18,271 - twister - DEBUG -     exclude_tag: None
2026-05-19 15:26:18,271 - twister - DEBUG - Checking platform filter: ['native_sim']
2026-05-19 15:26:18,271 - twister - INFO - Building initial testsuite list...
2026-05-19 15:26:18,272 - twister - INFO - Writing JSON report /home/aleromio/curso_zephyr/romioworkspace/zephyr-course/twister-out/testplan.json
2026-05-19 15:26:18,292 - twister - INFO - JOBS: 32
2026-05-19 15:26:18,292 - twister - INFO - Adding tasks to the queue...
2026-05-19 15:26:18,292 - twister - DEBUG - adding native_sim/native/host/homework.unit.ring_buf
2026-05-19 15:26:18,293 - twister - INFO - Added initial list of jobs to queue
2026-05-19 15:26:18,298 - twister - DEBUG - Running cmake on /home/aleromio/curso_zephyr/romioworkspace/zephyr-course/tests/ring_buf for native_sim/native
2026-05-19 15:26:18,299 - twister - DEBUG - Calling cmake: /usr/bin/cmake -B/home/aleromio/curso_zephyr/romioworkspace/zephyr-course/twister-out/native_sim_native/host/homework.unit.ring_buf -DTC_RUNID=95b5594319ba7978667cfd8c5d496df3 -DTC_NAME=homework.unit.ring_buf -DCONFIG_COMPILER_WARNINGS_AS_ERRORS=y -DEXTRA_GEN_EDT_ARGS=--edtlib-Werror -GNinja -DPython3_EXECUTABLE=/home/aleromio/curso_zephyr/romioworkspace/.venv/bin/python3 -DZEPHYR_TOOLCHAIN_VARIANT=host -S/home/aleromio/curso_zephyr/romioworkspace/zephyr-course/tests/ring_buf -DBOARD=native_sim/native
2026-05-19 15:26:18,337 - twister - DEBUG - Launched 32 jobs
2026-05-19 15:26:24,410 - twister - ERROR - CMake build failure: /home/aleromio/curso_zephyr/romioworkspace/zephyr-course/tests/ring_buf for native_sim/native
2026-05-19 15:26:24,412 - twister - ERROR - native_sim/native         homework.unit.ring_buf                             [31mERROR[39m: CMake build failure
2026-05-19 15:26:24,412 - twister - ERROR - see: [33m/home/aleromio/curso_zephyr/romioworkspace/zephyr-course/twister-out/native_sim_native/host/homework.unit.ring_buf/build.log[39m
2026-05-19 15:26:24,417 - twister - INFO - 1 test scenarios (1 configurations) selected, 0 configurations filtered (0 by static filter, 0 at runtime).
2026-05-19 15:26:24,417 - twister - INFO - [32m0 of 1[39m executed test configurations passed (0.00%), 0 built (not run), 0 failed, [31m1[39m errored, with no warnings in 7.36 seconds.
2026-05-19 15:26:24,417 - twister - INFO - [32m0[39m test configurations executed on platforms, [36m1[39m test configurations were only built.
2026-05-19 15:26:24,418 - twister - INFO - Saving reports...
2026-05-19 15:26:24,418 - twister - INFO - Writing JSON report /home/aleromio/curso_zephyr/romioworkspace/zephyr-course/twister-out/twister.json
2026-05-19 15:26:24,419 - twister - INFO - Writing xunit report /home/aleromio/curso_zephyr/romioworkspace/zephyr-course/twister-out/twister.xml...
2026-05-19 15:26:24,420 - twister - INFO - Writing xunit report /home/aleromio/curso_zephyr/romioworkspace/zephyr-course/twister-out/twister_report.xml...
2026-05-19 15:26:24,421 - twister - INFO - -+-+-+-+-+-+-+-+-+-+-+-+-+-+-+-+-+-+-+-+-+-+-+-+-+-+-+-+-+-+-+-+-+-+-+-+-+-+-+-+
2026-05-19 15:26:24,421 - twister - INFO - The following issues were found (showing the top 10 items):
2026-05-19 15:26:24,421 - twister - INFO - 1) homework.unit.ring_buf on native_sim/native error (CMake build failure - CMake Error at CMakeLists.txt:6 (target_sources):   Cannot find source file:)
2026-05-19 15:26:24,421 - twister - INFO - 
2026-05-19 15:26:24,421 - twister - INFO - To rerun the tests, call twister using the following commandline:
2026-05-19 15:26:24,421 - twister - INFO - west twister -p <PLATFORM> -s <TEST ID>, for example:
2026-05-19 15:26:24,421 - twister - INFO - 
2026-05-19 15:26:24,421 - twister - INFO - west twister -p native_sim/native -s homework.unit.ring_buf
2026-05-19 15:26:24,421 - twister - INFO - or with west:
2026-05-19 15:26:24,421 - twister - INFO - west build -p -b native_sim/native tests/ring_buf -T homework.unit.ring_buf
2026-05-19 15:26:24,421 - twister - INFO - -+-+-+-+-+-+-+-+-+-+-+-+-+-+-+-+-+-+-+-+-+-+-+-+-+-+-+-+-+-+-+-+-+-+-+-+-+-+-+-+
2026-05-19 15:26:24,421 - twister - INFO - Run completed
